2022-07-20T11:02:28+00:00 CRITICAL Uncaught Error: Call to undefined function exodoswp_redux() in /home/witnrhzb/public_html/wp-content/themes/exodoswp/header.php:27
Stack trace:
#0 /home/witnrhzb/public_html/wp-includes/template.php(770): require_once()
#1 /home/witnrhzb/public_html/wp-includes/template.php(716): load_template('/home/witnrhzb/...', true, Array)
#2 /home/witnrhzb/public_html/wp-includes/general-template.php(48): locate_template(Array, true, true, Array)
#3 /home/witnrhzb/public_html/wp-content/themes/exodoswp/archive.php(9): get_header()
#4 /home/witnrhzb/public_html/wp-includes/template-loader.php(106): include('/home/witnrhzb/...')
#5 /home/witnrhzb/public_html/wp-blog-header.php(19): require_once('/home/witnrhzb/...')
#6 /home/witnrhzb/public_html/index.php(17): require('/home/witnrhzb/...')
#7 {main}
  thrown in /home/witnrhzb/public_html/wp-content/themes/exodoswp/header.php on line 27

2022-07-20T11:07:19+00:00 CRITICAL Uncaught Error: Call to undefined function exodoswp_redux() in /home/witnrhzb/public_html/wp-content/themes/exodoswp/header.php:27
Stack trace:
#0 /home/witnrhzb/public_html/wp-includes/template.php(770): require_once()
#1 /home/witnrhzb/public_html/wp-includes/template.php(716): load_template('/home/witnrhzb/...', true, Array)
#2 /home/witnrhzb/public_html/wp-includes/general-template.php(48): locate_template(Array, true, true, Array)
#3 /home/witnrhzb/public_html/wp-content/themes/exodoswp/archive.php(9): get_header()
#4 /home/witnrhzb/public_html/wp-includes/template-loader.php(106): include('/home/witnrhzb/...')
#5 /home/witnrhzb/public_html/wp-blog-header.php(19): require_once('/home/witnrhzb/...')
#6 /home/witnrhzb/public_html/index.php(17): require('/home/witnrhzb/...')
#7 {main}
  thrown in /home/witnrhzb/public_html/wp-content/themes/exodoswp/header.php on line 27

2022-07-20T11:41:08+00:00 CRITICAL Uncaught Error: Call to undefined function exodoswp_redux() in /home/witnrhzb/public_html/wp-content/themes/exodoswp/header.php:27
Stack trace:
#0 /home/witnrhzb/public_html/wp-includes/template.php(770): require_once()
#1 /home/witnrhzb/public_html/wp-includes/template.php(716): load_template('/home/witnrhzb/...', true, Array)
#2 /home/witnrhzb/public_html/wp-includes/general-template.php(48): locate_template(Array, true, true, Array)
#3 /home/witnrhzb/public_html/wp-content/themes/exodoswp/archive.php(9): get_header()
#4 /home/witnrhzb/public_html/wp-includes/template-loader.php(106): include('/home/witnrhzb/...')
#5 /home/witnrhzb/public_html/wp-blog-header.php(19): require_once('/home/witnrhzb/...')
#6 /home/witnrhzb/public_html/index.php(17): require('/home/witnrhzb/...')
#7 {main}
  thrown in /home/witnrhzb/public_html/wp-content/themes/exodoswp/header.php on line 27

2022-07-20T12:07:36+00:00 CRITICAL Uncaught Error: Call to undefined function exodoswp_redux() in /home/witnrhzb/public_html/wp-content/themes/exodoswp/header.php:24
Stack trace:
#0 /home/witnrhzb/public_html/wp-includes/template.php(770): require_once()
#1 /home/witnrhzb/public_html/wp-includes/template.php(716): load_template('/home/witnrhzb/...', true, Array)
#2 /home/witnrhzb/public_html/wp-includes/general-template.php(48): locate_template(Array, true, true, Array)
#3 /home/witnrhzb/public_html/wp-content/themes/exodoswp/page.php(12): get_header()
#4 /home/witnrhzb/public_html/wp-includes/template-loader.php(106): include('/home/witnrhzb/...')
#5 /home/witnrhzb/public_html/wp-blog-header.php(19): require_once('/home/witnrhzb/...')
#6 /home/witnrhzb/public_html/index.php(17): require('/home/witnrhzb/...')
#7 {main}
  thrown in /home/witnrhzb/public_html/wp-content/themes/exodoswp/header.php on line 24

2022-07-20T12:07:49+00:00 CRITICAL Uncaught Error: Call to undefined function exodoswp_redux() in /home/witnrhzb/public_html/wp-content/themes/exodoswp/header.php:24
Stack trace:
#0 /home/witnrhzb/public_html/wp-includes/template.php(770): require_once()
#1 /home/witnrhzb/public_html/wp-includes/template.php(716): load_template('/home/witnrhzb/...', true, Array)
#2 /home/witnrhzb/public_html/wp-includes/general-template.php(48): locate_template(Array, true, true, Array)
#3 /home/witnrhzb/public_html/wp-content/themes/exodoswp/page.php(12): get_header()
#4 /home/witnrhzb/public_html/wp-includes/template-loader.php(106): include('/home/witnrhzb/...')
#5 /home/witnrhzb/public_html/wp-blog-header.php(19): require_once('/home/witnrhzb/...')
#6 /home/witnrhzb/public_html/index.php(17): require('/home/witnrhzb/...')
#7 {main}
  thrown in /home/witnrhzb/public_html/wp-content/themes/exodoswp/header.php on line 24

2022-07-20T12:08:02+00:00 CRITICAL Uncaught Error: Call to undefined function exodoswp_redux() in /home/witnrhzb/public_html/wp-content/themes/exodoswp/header.php:24
Stack trace:
#0 /home/witnrhzb/public_html/wp-includes/template.php(770): require_once()
#1 /home/witnrhzb/public_html/wp-includes/template.php(716): load_template('/home/witnrhzb/...', true, Array)
#2 /home/witnrhzb/public_html/wp-includes/general-template.php(48): locate_template(Array, true, true, Array)
#3 /home/witnrhzb/public_html/wp-content/themes/exodoswp/page.php(12): get_header()
#4 /home/witnrhzb/public_html/wp-includes/template-loader.php(106): include('/home/witnrhzb/...')
#5 /home/witnrhzb/public_html/wp-blog-header.php(19): require_once('/home/witnrhzb/...')
#6 /home/witnrhzb/public_html/index.php(17): require('/home/witnrhzb/...')
#7 {main}
  thrown in /home/witnrhzb/public_html/wp-content/themes/exodoswp/header.php on line 24

2022-07-20T12:12:35+00:00 CRITICAL Uncaught Error: Call to undefined function exodoswp_redux() in /home/witnrhzb/public_html/wp-content/themes/exodoswp/header.php:24
Stack trace:
#0 /home/witnrhzb/public_html/wp-includes/template.php(770): require_once()
#1 /home/witnrhzb/public_html/wp-includes/template.php(716): load_template('/home/witnrhzb/...', true, Array)
#2 /home/witnrhzb/public_html/wp-includes/general-template.php(48): locate_template(Array, true, true, Array)
#3 /home/witnrhzb/public_html/wp-content/themes/exodoswp/page.php(12): get_header()
#4 /home/witnrhzb/public_html/wp-includes/template-loader.php(106): include('/home/witnrhzb/...')
#5 /home/witnrhzb/public_html/wp-blog-header.php(19): require_once('/home/witnrhzb/...')
#6 /home/witnrhzb/public_html/index.php(17): require('/home/witnrhzb/...')
#7 {main}
  thrown in /home/witnrhzb/public_html/wp-content/themes/exodoswp/header.php on line 24

2022-07-20T12:19:27+00:00 CRITICAL Uncaught Error: Call to undefined function exodoswp_redux() in /home/witnrhzb/public_html/wp-content/themes/exodoswp/header.php:24
Stack trace:
#0 /home/witnrhzb/public_html/wp-includes/template.php(770): require_once()
#1 /home/witnrhzb/public_html/wp-includes/template.php(716): load_template('/home/witnrhzb/...', true, Array)
#2 /home/witnrhzb/public_html/wp-includes/general-template.php(48): locate_template(Array, true, true, Array)
#3 /home/witnrhzb/public_html/wp-content/themes/exodoswp/page.php(12): get_header()
#4 /home/witnrhzb/public_html/wp-includes/template-loader.php(106): include('/home/witnrhzb/...')
#5 /home/witnrhzb/public_html/wp-blog-header.php(19): require_once('/home/witnrhzb/...')
#6 /home/witnrhzb/public_html/index.php(17): require('/home/witnrhzb/...')
#7 {main}
  thrown in /home/witnrhzb/public_html/wp-content/themes/exodoswp/header.php on line 24

2022-07-20T12:24:41+00:00 CRITICAL Uncaught Error: Call to undefined function exodoswp_redux() in /home/witnrhzb/public_html/wp-content/themes/exodoswp/header.php:24
Stack trace:
#0 /home/witnrhzb/public_html/wp-includes/template.php(770): require_once()
#1 /home/witnrhzb/public_html/wp-includes/template.php(716): load_template('/home/witnrhzb/...', true, Array)
#2 /home/witnrhzb/public_html/wp-includes/general-template.php(48): locate_template(Array, true, true, Array)
#3 /home/witnrhzb/public_html/wp-content/themes/exodoswp/page.php(12): get_header()
#4 /home/witnrhzb/public_html/wp-includes/template-loader.php(106): include('/home/witnrhzb/...')
#5 /home/witnrhzb/public_html/wp-blog-header.php(19): require_once('/home/witnrhzb/...')
#6 /home/witnrhzb/public_html/index.php(17): require('/home/witnrhzb/...')
#7 {main}
  thrown in /home/witnrhzb/public_html/wp-content/themes/exodoswp/header.php on line 24

2022-07-20T12:26:40+00:00 CRITICAL Uncaught Error: Call to undefined function exodoswp_redux() in /home/witnrhzb/public_html/wp-content/themes/exodoswp/header.php:24
Stack trace:
#0 /home/witnrhzb/public_html/wp-includes/template.php(770): require_once()
#1 /home/witnrhzb/public_html/wp-includes/template.php(716): load_template('/home/witnrhzb/...', true, Array)
#2 /home/witnrhzb/public_html/wp-includes/general-template.php(48): locate_template(Array, true, true, Array)
#3 /home/witnrhzb/public_html/wp-content/themes/exodoswp/page.php(12): get_header()
#4 /home/witnrhzb/public_html/wp-includes/template-loader.php(106): include('/home/witnrhzb/...')
#5 /home/witnrhzb/public_html/wp-blog-header.php(19): require_once('/home/witnrhzb/...')
#6 /home/witnrhzb/public_html/index.php(17): require('/home/witnrhzb/...')
#7 {main}
  thrown in /home/witnrhzb/public_html/wp-content/themes/exodoswp/header.php on line 24

2022-07-20T12:30:58+00:00 CRITICAL Uncaught Error: Call to undefined function exodoswp_redux() in /home/witnrhzb/public_html/wp-content/themes/exodoswp/header.php:24
Stack trace:
#0 /home/witnrhzb/public_html/wp-includes/template.php(770): require_once()
#1 /home/witnrhzb/public_html/wp-includes/template.php(716): load_template('/home/witnrhzb/...', true, Array)
#2 /home/witnrhzb/public_html/wp-includes/general-template.php(48): locate_template(Array, true, true, Array)
#3 /home/witnrhzb/public_html/wp-content/themes/exodoswp/page.php(12): get_header()
#4 /home/witnrhzb/public_html/wp-includes/template-loader.php(106): include('/home/witnrhzb/...')
#5 /home/witnrhzb/public_html/wp-blog-header.php(19): require_once('/home/witnrhzb/...')
#6 /home/witnrhzb/public_html/index.php(17): require('/home/witnrhzb/...')
#7 {main}
  thrown in /home/witnrhzb/public_html/wp-content/themes/exodoswp/header.php on line 24

2022-07-20T12:34:40+00:00 CRITICAL Uncaught Error: Call to undefined function exodoswp_redux() in /home/witnrhzb/public_html/wp-content/themes/exodoswp/header.php:24
Stack trace:
#0 /home/witnrhzb/public_html/wp-includes/template.php(770): require_once()
#1 /home/witnrhzb/public_html/wp-includes/template.php(716): load_template('/home/witnrhzb/...', true, Array)
#2 /home/witnrhzb/public_html/wp-includes/general-template.php(48): locate_template(Array, true, true, Array)
#3 /home/witnrhzb/public_html/wp-content/themes/exodoswp/page.php(12): get_header()
#4 /home/witnrhzb/public_html/wp-includes/template-loader.php(106): include('/home/witnrhzb/...')
#5 /home/witnrhzb/public_html/wp-blog-header.php(19): require_once('/home/witnrhzb/...')
#6 /home/witnrhzb/public_html/index.php(17): require('/home/witnrhzb/...')
#7 {main}
  thrown in /home/witnrhzb/public_html/wp-content/themes/exodoswp/header.php on line 24

2022-07-20T12:38:54+00:00 CRITICAL Uncaught Error: Call to undefined function exodoswp_redux() in /home/witnrhzb/public_html/wp-content/themes/exodoswp/header.php:39
Stack trace:
#0 /home/witnrhzb/public_html/wp-includes/template.php(770): require_once()
#1 /home/witnrhzb/public_html/wp-includes/template.php(716): load_template('/home/witnrhzb/...', true, Array)
#2 /home/witnrhzb/public_html/wp-includes/general-template.php(48): locate_template(Array, true, true, Array)
#3 /home/witnrhzb/public_html/wp-content/themes/exodoswp/single.php(7): get_header()
#4 /home/witnrhzb/public_html/wp-includes/template-loader.php(106): include('/home/witnrhzb/...')
#5 /home/witnrhzb/public_html/wp-blog-header.php(19): require_once('/home/witnrhzb/...')
#6 /home/witnrhzb/public_html/index.php(17): require('/home/witnrhzb/...')
#7 {main}
  thrown in /home/witnrhzb/public_html/wp-content/themes/exodoswp/header.php on line 39

2022-07-20T12:40:23+00:00 CRITICAL Uncaught Error: Call to undefined function exodoswp_redux() in /home/witnrhzb/public_html/wp-content/themes/exodoswp/header.php:24
Stack trace:
#0 /home/witnrhzb/public_html/wp-includes/template.php(770): require_once()
#1 /home/witnrhzb/public_html/wp-includes/template.php(716): load_template('/home/witnrhzb/...', true, Array)
#2 /home/witnrhzb/public_html/wp-includes/general-template.php(48): locate_template(Array, true, true, Array)
#3 /home/witnrhzb/public_html/wp-content/themes/exodoswp/page.php(12): get_header()
#4 /home/witnrhzb/public_html/wp-includes/template-loader.php(106): include('/home/witnrhzb/...')
#5 /home/witnrhzb/public_html/wp-blog-header.php(19): require_once('/home/witnrhzb/...')
#6 /home/witnrhzb/public_html/index.php(17): require('/home/witnrhzb/...')
#7 {main}
  thrown in /home/witnrhzb/public_html/wp-content/themes/exodoswp/header.php on line 24

2022-07-20T12:40:38+00:00 CRITICAL Uncaught Error: Call to undefined function exodoswp_redux() in /home/witnrhzb/public_html/wp-content/themes/exodoswp/header.php:24
Stack trace:
#0 /home/witnrhzb/public_html/wp-includes/template.php(770): require_once()
#1 /home/witnrhzb/public_html/wp-includes/template.php(716): load_template('/home/witnrhzb/...', true, Array)
#2 /home/witnrhzb/public_html/wp-includes/general-template.php(48): locate_template(Array, true, true, Array)
#3 /home/witnrhzb/public_html/wp-content/themes/exodoswp/page.php(12): get_header()
#4 /home/witnrhzb/public_html/wp-includes/template-loader.php(106): include('/home/witnrhzb/...')
#5 /home/witnrhzb/public_html/wp-blog-header.php(19): require_once('/home/witnrhzb/...')
#6 /home/witnrhzb/public_html/index.php(17): require('/home/witnrhzb/...')
#7 {main}
  thrown in /home/witnrhzb/public_html/wp-content/themes/exodoswp/header.php on line 24

2022-07-20T12:41:00+00:00 CRITICAL Uncaught Error: Call to undefined function exodoswp_redux() in /home/witnrhzb/public_html/wp-content/themes/exodoswp/header.php:24
Stack trace:
#0 /home/witnrhzb/public_html/wp-includes/template.php(770): require_once()
#1 /home/witnrhzb/public_html/wp-includes/template.php(716): load_template('/home/witnrhzb/...', true, Array)
#2 /home/witnrhzb/public_html/wp-includes/general-template.php(48): locate_template(Array, true, true, Array)
#3 /home/witnrhzb/public_html/wp-content/themes/exodoswp/page.php(12): get_header()
#4 /home/witnrhzb/public_html/wp-includes/template-loader.php(106): include('/home/witnrhzb/...')
#5 /home/witnrhzb/public_html/wp-blog-header.php(19): require_once('/home/witnrhzb/...')
#6 /home/witnrhzb/public_html/index.php(17): require('/home/witnrhzb/...')
#7 {main}
  thrown in /home/witnrhzb/public_html/wp-content/themes/exodoswp/header.php on line 24

2022-07-20T12:43:21+00:00 CRITICAL Uncaught Error: Call to undefined function exodoswp_redux() in /home/witnrhzb/public_html/wp-content/themes/exodoswp/header.php:24
Stack trace:
#0 /home/witnrhzb/public_html/wp-includes/template.php(770): require_once()
#1 /home/witnrhzb/public_html/wp-includes/template.php(716): load_template('/home/witnrhzb/...', true, Array)
#2 /home/witnrhzb/public_html/wp-includes/general-template.php(48): locate_template(Array, true, true, Array)
#3 /home/witnrhzb/public_html/wp-content/themes/exodoswp/page.php(12): get_header()
#4 /home/witnrhzb/public_html/wp-includes/template-loader.php(106): include('/home/witnrhzb/...')
#5 /home/witnrhzb/public_html/wp-blog-header.php(19): require_once('/home/witnrhzb/...')
#6 /home/witnrhzb/public_html/index.php(17): require('/home/witnrhzb/...')
#7 {main}
  thrown in /home/witnrhzb/public_html/wp-content/themes/exodoswp/header.php on line 24

2022-07-20T12:46:15+00:00 CRITICAL Uncaught Error: Call to undefined function exodoswp_redux() in /home/witnrhzb/public_html/wp-content/themes/exodoswp/header.php:24
Stack trace:
#0 /home/witnrhzb/public_html/wp-includes/template.php(770): require_once()
#1 /home/witnrhzb/public_html/wp-includes/template.php(716): load_template('/home/witnrhzb/...', true, Array)
#2 /home/witnrhzb/public_html/wp-includes/general-template.php(48): locate_template(Array, true, true, Array)
#3 /home/witnrhzb/public_html/wp-content/themes/exodoswp/page.php(12): get_header()
#4 /home/witnrhzb/public_html/wp-includes/template-loader.php(106): include('/home/witnrhzb/...')
#5 /home/witnrhzb/public_html/wp-blog-header.php(19): require_once('/home/witnrhzb/...')
#6 /home/witnrhzb/public_html/index.php(17): require('/home/witnrhzb/...')
#7 {main}
  thrown in /home/witnrhzb/public_html/wp-content/themes/exodoswp/header.php on line 24

2022-07-20T12:46:36+00:00 CRITICAL Uncaught Error: Call to undefined function exodoswp_redux() in /home/witnrhzb/public_html/wp-content/themes/exodoswp/header.php:24
Stack trace:
#0 /home/witnrhzb/public_html/wp-includes/template.php(770): require_once()
#1 /home/witnrhzb/public_html/wp-includes/template.php(716): load_template('/home/witnrhzb/...', true, Array)
#2 /home/witnrhzb/public_html/wp-includes/general-template.php(48): locate_template(Array, true, true, Array)
#3 /home/witnrhzb/public_html/wp-content/themes/exodoswp/page.php(12): get_header()
#4 /home/witnrhzb/public_html/wp-includes/template-loader.php(106): include('/home/witnrhzb/...')
#5 /home/witnrhzb/public_html/wp-blog-header.php(19): require_once('/home/witnrhzb/...')
#6 /home/witnrhzb/public_html/index.php(17): require('/home/witnrhzb/...')
#7 {main}
  thrown in /home/witnrhzb/public_html/wp-content/themes/exodoswp/header.php on line 24

2022-07-20T12:46:47+00:00 CRITICAL Uncaught Error: Call to undefined function exodoswp_redux() in /home/witnrhzb/public_html/wp-content/themes/exodoswp/header.php:24
Stack trace:
#0 /home/witnrhzb/public_html/wp-includes/template.php(770): require_once()
#1 /home/witnrhzb/public_html/wp-includes/template.php(716): load_template('/home/witnrhzb/...', true, Array)
#2 /home/witnrhzb/public_html/wp-includes/general-template.php(48): locate_template(Array, true, true, Array)
#3 /home/witnrhzb/public_html/wp-content/themes/exodoswp/page.php(12): get_header()
#4 /home/witnrhzb/public_html/wp-includes/template-loader.php(106): include('/home/witnrhzb/...')
#5 /home/witnrhzb/public_html/wp-blog-header.php(19): require_once('/home/witnrhzb/...')
#6 /home/witnrhzb/public_html/index.php(17): require('/home/witnrhzb/...')
#7 {main}
  thrown in /home/witnrhzb/public_html/wp-content/themes/exodoswp/header.php on line 24

2022-07-20T12:47:17+00:00 CRITICAL Uncaught Error: Call to undefined function exodoswp_redux() in /home/witnrhzb/public_html/wp-content/themes/exodoswp/header.php:24
Stack trace:
#0 /home/witnrhzb/public_html/wp-includes/template.php(770): require_once()
#1 /home/witnrhzb/public_html/wp-includes/template.php(716): load_template('/home/witnrhzb/...', true, Array)
#2 /home/witnrhzb/public_html/wp-includes/general-template.php(48): locate_template(Array, true, true, Array)
#3 /home/witnrhzb/public_html/wp-content/themes/exodoswp/page.php(12): get_header()
#4 /home/witnrhzb/public_html/wp-includes/template-loader.php(106): include('/home/witnrhzb/...')
#5 /home/witnrhzb/public_html/wp-blog-header.php(19): require_once('/home/witnrhzb/...')
#6 /home/witnrhzb/public_html/index.php(17): require('/home/witnrhzb/...')
#7 {main}
  thrown in /home/witnrhzb/public_html/wp-content/themes/exodoswp/header.php on line 24

2022-07-20T12:48:38+00:00 CRITICAL Uncaught Error: Call to undefined function exodoswp_redux() in /home/witnrhzb/public_html/wp-content/themes/exodoswp/header.php:24
Stack trace:
#0 /home/witnrhzb/public_html/wp-includes/template.php(770): require_once()
#1 /home/witnrhzb/public_html/wp-includes/template.php(716): load_template('/home/witnrhzb/...', true, Array)
#2 /home/witnrhzb/public_html/wp-includes/general-template.php(48): locate_template(Array, true, true, Array)
#3 /home/witnrhzb/public_html/wp-content/themes/exodoswp/page.php(12): get_header()
#4 /home/witnrhzb/public_html/wp-includes/template-loader.php(106): include('/home/witnrhzb/...')
#5 /home/witnrhzb/public_html/wp-blog-header.php(19): require_once('/home/witnrhzb/...')
#6 /home/witnrhzb/public_html/index.php(17): require('/home/witnrhzb/...')
#7 {main}
  thrown in /home/witnrhzb/public_html/wp-content/themes/exodoswp/header.php on line 24

2022-07-20T13:05:20+00:00 CRITICAL Uncaught Error: Call to undefined function exodoswp_redux() in /home/witnrhzb/public_html/wp-content/themes/exodoswp/header.php:24
Stack trace:
#0 /home/witnrhzb/public_html/wp-includes/template.php(770): require_once()
#1 /home/witnrhzb/public_html/wp-includes/template.php(716): load_template('/home/witnrhzb/...', true, Array)
#2 /home/witnrhzb/public_html/wp-includes/general-template.php(48): locate_template(Array, true, true, Array)
#3 /home/witnrhzb/public_html/wp-content/themes/exodoswp/page.php(12): get_header()
#4 /home/witnrhzb/public_html/wp-includes/template-loader.php(106): include('/home/witnrhzb/...')
#5 /home/witnrhzb/public_html/wp-blog-header.php(19): require_once('/home/witnrhzb/...')
#6 /home/witnrhzb/public_html/index.php(17): require('/home/witnrhzb/...')
#7 {main}
  thrown in /home/witnrhzb/public_html/wp-content/themes/exodoswp/header.php on line 24

